=== Daily Update 2026-02-28 14:02 ===
Checking historical data coverage...
  Error checking historical data: 'datetime'
Warning: Historical data may be incomplete

Updating Open-Meteo CSV...
  Reading data from: open-meteo-7.12S39.25E61m.csv
  No existing data found. Fetching complete historical data from 2023-03-15
    Fetching chunk: 2023-03-15 to 2025-03-13
  Fetching Open-Meteo data from 2023-03-15 to 2025-03-13...
  Error fetching data: 400
  Response: {"error":true,"reason":"Parameter 'start_date' is out of allowed range from 2025-11-27 to 2026-03-15"}
    Fetching chunk: 2025-03-14 to 2026-02-27
  Fetching Open-Meteo data from 2025-03-14 to 2026-02-27...
  Error fetching data: 400
  Response: {"reason":"Parameter 'start_date' is out of allowed range from 2025-11-27 to 2026-03-15","error":true}
  Fetching forecast data from 2026-02-28 to 2026-03-07
  Fetching Open-Meteo data from 2026-02-28 to 2026-03-07...
    Retrieved 192 records
Updated open-meteo-7.12S39.25E61m.csv with 192 records
Date range: 2026-02-27 19:00:00+03:00 to 2026-03-07 18:00:00+03:00

Archiving historical data...
Historical data archiving would be implemented here.
Currently, all data is kept in the main CSV file.

Rebuilding dashboard...
Rebuilding dashboard...
Dashboard rebuilt successfully
Loading House 5...
  Loading Omnisense CSV: omnisense_270226.csv
  Omnisense: 80,844 records
  Using external temperature: open-meteo-7.12S39.25E61m.csv
  Open-Meteo: 192 records
  244,625 records · 24 loggers
  2023-03-14 → 2026-03-07
  Processing...
Loading Schoolteacher's House...
  12,935 records · 3 loggers
  2024-06-02 → 2025-10-14
  Processing...
Loading climate data...
  ERA5 Historic: 84 years (1940–2023)
  SSP1-1.9: 79 years (2022–2100), 9 models
  SSP1-2.6: 79 years (2022–2100), 22 models
  SSP2-4.5: 79 years (2022–2100), 23 models
  SSP3-7.0: 79 years (2022–2100), 22 models
  SSP5-8.5: 79 years (2022–2100), 27 models
Writing output...
Done → /Users/archwrth/Downloads/ARC_graphs/arc_tz_temp_humid/index.html
File size: 7652 KB (7.5 MB)


=== Daily update completed successfully ===
